#
# There is insufficient memory for the Java Runtime Environment to continue.
# Native memory allocation (mmap) failed to map 268435456 bytes for Failed to commit area from 0x0000000701600000 to 0x0000000711600000 of length 268435456.
# Possible reasons:
#   The system is out of physical RAM or swap space
#   The process is running with CompressedOops enabled, and the Java Heap may be blocking the growth of the native heap
# Possible solutions:
#   Reduce memory load on the system
#   Increase physical memory or swap space
#   Check if swap backing store is full
#   Decrease Java heap size (-Xmx/-Xms)
#   Decrease number of Java threads
#   Decrease Java thread stack sizes (-Xss)
#   Set larger code cache with -XX:ReservedCodeCacheSize=
# This output file may be truncated or incomplete.
#
#  Out of Memory Error (./open/src/hotspot/os/windows/os_windows.cpp:3284), pid=252, tid=1820
#
# JRE version:  (11.0.14+8) (build )
# Java VM: Java HotSpot(TM) 64-Bit Server VM (11.0.14+8-LTS-263, mixed mode, sharing, tiered, compressed oops, g1 gc, windows-amd64)
# No core dump will be written. Minidumps are not enabled by default on client versions of Windows
#

---------------  S U M M A R Y ------------

Command Line: org.jetbrains.kotlin.cli.jvm.K2JVMCompiler @C:\Users\SELLA\Documents\Fazztrack\fw5ReactNative\node_modules\react-native-gradle-plugin\build\20220409_17019820850177480482.compiler.options

Host: Intel(R) Core(TM) i7-4770HQ CPU @ 2.20GHz, 8 cores, 15G,  Windows 10 , 64 bit Build 19041 (10.0.19041.1566)
Time: Sat Apr  9 15:15:40 2022 SE Asia Standard Time elapsed time: 0.029599 seconds (0d 0h 0m 0s)

---------------  T H R E A D  ---------------

Current thread (0x00000214d5861000):  JavaThread "Unknown thread" [_thread_in_vm, id=1820, stack(0x000000ac56500000,0x000000ac56600000)]

Stack: [0x000000ac56500000,0x000000ac56600000]
Native frames: (J=compiled Java code, j=interpreted, Vv=VM code, C=native code)
V  [jvm.dll+0x6296da]
V  [jvm.dll+0x76323f]
V  [jvm.dll+0x7648e9]
V  [jvm.dll+0x764f73]
V  [jvm.dll+0x23d7c8]
V  [jvm.dll+0x626a5a]
V  [jvm.dll+0x61b7f5]
V  [jvm.dll+0x2f262c]
V  [jvm.dll+0x2f24b2]
V  [jvm.dll+0x2f71d6]
V  [jvm.dll+0x339bdf]
V  [jvm.dll+0x339610]
V  [jvm.dll+0x2cfc48]
V  [jvm.dll+0x2d0db6]
V  [jvm.dll+0x73d857]
V  [jvm.dll+0x73f0ef]
V  [jvm.dll+0x346909]
V  [jvm.dll+0x723160]
V  [jvm.dll+0x3b551f]
V  [jvm.dll+0x3b7631]
C  [jli.dll+0x5207]
C  [ucrtbase.dll+0x21bb2]
C  [KERNEL32.DLL+0x17034]
C  [ntdll.dll+0x52651]


---------------  P R O C E S S  ---------------

Threads class SMR info:
_java_thread_list=0x00000214d37468a0, length=0, elements={
}

Java Threads: ( => current thread )

Other Threads:
  0x00000214d5875000 GCTaskThread "GC Thread#0" [stack: 0x000000ac56600000,0x000000ac56700000] [id=8620]
  0x00000214d58d2000 ConcurrentGCThread "G1 Main Marker" [stack: 0x000000ac56700000,0x000000ac56800000] [id=8356]
  0x00000214d58d3800 ConcurrentGCThread "G1 Conc#0" [stack: 0x000000ac56800000,0x000000ac56900000] [id=6972]

[error occurred during error reporting (printing all threads), id 0xc0000005, EXCEPTION_ACCESS_VIOLATION (0xc0000005) at pc=0x00007ffd9625eed7]

VM state:not at safepoint (not fully initialized)

VM Mutex/Monitor currently owned by a thread:  ([mutex/lock_event])
[0x00000214d585e5c0] Heap_lock - owner thread: 0x00000214d5861000

Heap address: 0x0000000701600000, size: 4074 MB, Compressed Oops mode: Non-zero based: 0x0000000701600000
Narrow klass base: 0x0000000000000000, Narrow klass shift: 0

GC Heap History (0 events):
No events

Deoptimization events (0 events):
No events

Classes redefined (0 events):
No events

Internal exceptions (0 events):
No events

Events (0 events):
No events


Dynamic libraries:
0x00007ff686370000 - 0x00007ff68637f000 	C:\Program Files\Java\jdk-11.0.14\bin\java.exe
0x00007ffdd1d70000 - 0x00007ffdd1f65000 	C:\Windows\SYSTEM32\ntdll.dll
0x00007ffdd0ca0000 - 0x00007ffdd0d5e000 	C:\Windows\System32\KERNEL32.DLL
0x00007ffdcf4e0000 - 0x00007ffdcf7a8000 	C:\Windows\System32\KERNELBASE.dll
0x00007ffdcf9f0000 - 0x00007ffdcfaf0000 	C:\Windows\System32\ucrtbase.dll
0x00007ffdc4d80000 - 0x00007ffdc4d95000 	C:\Program Files\Java\jdk-11.0.14\bin\VCRUNTIME140.dll
0x00007ffdc7f00000 - 0x00007ffdc7f18000 	C:\Program Files\Java\jdk-11.0.14\bin\jli.dll
0x00007ffdd11c0000 - 0x00007ffdd126e000 	C:\Windows\System32\ADVAPI32.dll
0x00007ffdd0b40000 - 0x00007ffdd0bde000 	C:\Windows\System32\msvcrt.dll
0x00007ffdd09c0000 - 0x00007ffdd0a5c000 	C:\Windows\System32\sechost.dll
0x00007ffdd1b80000 - 0x00007ffdd1ca5000 	C:\Windows\System32\RPCRT4.dll
0x00007ffdd1020000 - 0x00007ffdd11c0000 	C:\Windows\System32\USER32.dll
0x00007ffdcf840000 - 0x00007ffdcf862000 	C:\Windows\System32\win32u.dll
0x00007ffdbe670000 - 0x00007ffdbe90a000 	C:\Windows\WinSxS\amd64_microsoft.windows.common-controls_6595b64144ccf1df_6.0.19041.1110_none_60b5254171f9507e\COMCTL32.dll
0x00007ffdcfdd0000 - 0x00007ffdcfdfb000 	C:\Windows\System32\GDI32.dll
0x00007ffdcf870000 - 0x00007ffdcf97b000 	C:\Windows\System32\gdi32full.dll
0x00007ffdcfaf0000 - 0x00007ffdcfb8d000 	C:\Windows\System32\msvcp_win.dll
0x00007ffdc38a0000 - 0x00007ffdc38aa000 	C:\Windows\SYSTEM32\VERSION.dll
0x00007ffdd12a0000 - 0x00007ffdd12d0000 	C:\Windows\System32\IMM32.DLL
0x00007ffdac7a0000 - 0x00007ffdac83b000 	C:\Program Files\Java\jdk-11.0.14\bin\msvcp140.dll
0x00007ffd95f80000 - 0x00007ffd96a96000 	C:\Program Files\Java\jdk-11.0.14\bin\server\jvm.dll
0x00007ffdd1830000 - 0x00007ffdd1838000 	C:\Windows\System32\PSAPI.DLL
0x00007ffdcb030000 - 0x00007ffdcb039000 	C:\Windows\SYSTEM32\WSOCK32.dll
0x00007ffdb69e0000 - 0x00007ffdb6a07000 	C:\Windows\SYSTEM32\WINMM.dll
0x00007ffdd1ab0000 - 0x00007ffdd1b1b000 	C:\Windows\System32\WS2_32.dll
0x00007ffdcd580000 - 0x00007ffdcd592000 	C:\Windows\SYSTEM32\kernel.appcore.dll
0x00007ffdcaf30000 - 0x00007ffdcaf40000 	C:\Program Files\Java\jdk-11.0.14\bin\verify.dll
0x00007ffdbf040000 - 0x00007ffdbf224000 	C:\Windows\SYSTEM32\DBGHELP.DLL
0x00007ffdbee10000 - 0x00007ffdbee3c000 	C:\Windows\SYSTEM32\dbgcore.DLL
0x00007ffdcf7b0000 - 0x00007ffdcf832000 	C:\Windows\System32\bcryptPrimitives.dll
0x00007ffdc00a0000 - 0x00007ffdc00c8000 	C:\Program Files\Java\jdk-11.0.14\bin\java.dll
0x00007ffdcae40000 - 0x00007ffdcae4a000 	C:\Program Files\Java\jdk-11.0.14\bin\jimage.dll
0x00007ffdc1a60000 - 0x00007ffdc1a76000 	C:\Program Files\Java\jdk-11.0.14\bin\zip.dll

dbghelp: loaded successfully - version: 4.0.5 - missing functions: none
symbol engine: initialized successfully - sym options: 0x614 - pdb path: .;C:\Program Files\Java\jdk-11.0.14\bin;C:\Windows\SYSTEM32;C:\Windows\WinSxS\amd64_microsoft.windows.common-controls_6595b64144ccf1df_6.0.19041.1110_none_60b5254171f9507e;C:\Program Files\Java\jdk-11.0.14\bin\server

VM Arguments:
java_command: org.jetbrains.kotlin.cli.jvm.K2JVMCompiler @C:\Users\SELLA\Documents\Fazztrack\fw5ReactNative\node_modules\react-native-gradle-plugin\build\20220409_17019820850177480482.compiler.options
java_class_path (initial): C:\Users\SELLA\.gradle\caches\modules-2\files-2.1\org.jetbrains.kotlin\kotlin-compiler-embeddable\1.6.10\88f2073f4020cdb83132cfe940ceb9a60aba54ea\kotlin-compiler-embeddable-1.6.10.jar;C:\Users\SELLA\.gradle\caches\modules-2\files-2.1\org.jetbrains.kotlin\kotlin-reflect\1.6.10\1cbe9c92c12a94eea200d23c2bbaedaf3daf5132\kotlin-reflect-1.6.10.jar;C:\Users\SELLA\.gradle\caches\modules-2\files-2.1\org.jetbrains.kotlin\kotlin-stdlib\1.6.10\b8af3fe6f1ca88526914929add63cf5e7c5049af\kotlin-stdlib-1.6.10.jar;C:\Users\SELLA\.gradle\caches\modules-2\files-2.1\org.jetbrains.kotlin\kotlin-script-runtime\1.6.10\d0a7ff2e2500ef497ed0214ae40ad3c8387a6164\kotlin-script-runtime-1.6.10.jar;C:\Users\SELLA\.gradle\caches\modules-2\files-2.1\org.jetbrains.kotlin\kotlin-daemon-embeddable\1.6.10\a56d79bcbea411fa6058e4ecffc2de73e742bd2a\kotlin-daemon-embeddable-1.6.10.jar;C:\Users\SELLA\.gradle\caches\modules-2\files-2.1\org.jetbrains.intellij.deps\trove4j\1.0.20181211\216c2e14b070f334479d800987affe4054cd563f\trove4j-1.0.20181211.jar;C:\Users\SELLA\.gradle\caches\modules-2\files-2.1\net.java.dev.jna\jna\5.6.0\330f2244e9030119ab3030fc3fededc86713d9cc\jna-5.6.0.jar;C:\Users\SELLA\.gradle\caches\modules-2\files-2.1\org.jetbrains\annotations\13.0\919f0dfe192fb4e063e7dacadee7f8bb9a2672a9\annotations-13.0.jar;C:\Users\SELLA\.gradle\caches\modules-2\files-2.1\org.jetbrains.kotlin\kotlin-stdlib-common\1.6.10\c118700e3a33c8a0d9adc920e9dec0831171925\kotlin-stdlib-common-1.6.10.jar
Launcher Type: SUN_STANDARD

[Global flags]
     intx CICompilerCount                          = 4                                         {product} {ergonomic}
     uint ConcGCThreads                            = 2                                         {product} {ergonomic}
     uint G1ConcRefinementThreads                  = 8                                         {product} {ergonomic}
   size_t G1HeapRegionSize                         = 1048576                                   {product} {ergonomic}
    uintx GCDrainStackTargetSize                   = 64                                        {product} {ergonomic}
   size_t InitialHeapSize                          = 268435456                                 {product} {ergonomic}
   size_t MarkStackSize                            = 4194304                                   {product} {ergonomic}
   size_t MaxHeapSize                              = 4271898624                                {product} {ergonomic}
   size_t MinHeapDeltaBytes                        = 1048576                                   {product} {ergonomic}
    uintx NonNMethodCodeHeapSize                   = 5836300                                {pd product} {ergonomic}
    uintx NonProfiledCodeHeapSize                  = 122910970                              {pd product} {ergonomic}
    uintx ProfiledCodeHeapSize                     = 122910970                              {pd product} {ergonomic}
    uintx ReservedCodeCacheSize                    = 251658240                              {pd product} {ergonomic}
     bool SegmentedCodeCache                       = true                                      {product} {ergonomic}
     bool UseCompressedClassPointers               = true                                 {lp64_product} {ergonomic}
     bool UseCompressedOops                        = true                                 {lp64_product} {ergonomic}
     bool UseG1GC                                  = true                                      {product} {ergonomic}
     bool UseLargePagesIndividualAllocation        = false                                  {pd product} {ergonomic}

Logging:
Log output configuration:
 #0: stdout all=warning uptime,level,tags
 #1: stderr all=off uptime,level,tags

Environment Variables:
JAVA_HOME=C:\Program Files\Java\jdk-11.0.14
CLASSPATH=C:\Users\SELLA\Documents\Fazztrack\fw5ReactNative\android\\gradle\wrapper\gradle-wrapper.jar
PATH=C:\Users\SELLA\Documents\Fazztrack\fw5ReactNative\android\node_modules\.bin;C:\Users\SELLA\Documents\Fazztrack\fw5ReactNative\node_modules\.bin;C:\Users\SELLA\Documents\Fazztrack\node_modules\.bin;C:\Users\SELLA\Documents\node_modules\.bin;C:\Users\SELLA\node_modules\.bin;C:\Users\node_modules\.bin;C:\node_modules\.bin;C:\Program Files\nodejs;C:\Users\SELLA\AppData\Local\Temp\yarn--1649492095304-0.9292138512772499;C:\Users\SELLA\Documents\Fazztrack\fw5ReactNative\node_modules\.bin;C:\Users\SELLA\AppData\Local\Yarn\Data\link\node_modules\.bin;C:\Users\SELLA\AppData\Local\Yarn\bin;C:\Program Files\libexec\lib\node_modules\npm\bin\node-gyp-bin;C:\Program Files\lib\node_modules\npm\bin\node-gyp-bin;C:\Program Files\nodejs\node_modules\npm\bin\node-gyp-bin;C:\Program Files\Common Files\Oracle\Java\javapath;C:\Program Files (x86)\Intel\iCLS Client\;C:\Program Files\Intel\iCLS Client\;C:\Windows\system32;C:\Windows;C:\Windows\System32\Wbem;C:\Windows\System32\WindowsPowerShell\v1.0\;C:\Windows\System32\OpenSSH\;C:\Program Files\Intel\Intel(R) Management Engine Components\DAL;C:\Program Files (x86)\Intel\Intel(R) Management Engine Components\DAL;C:\Program Files\Intel\Intel(R) Management Engine Components\IPT;C:\Program Files (x86)\Intel\Intel(R) Management Engine Components\IPT;C:\Program Files\nodejs\;C:\Program Files\Git\cmd;C:\ProgramData\chocolatey\bin;C:\Program Files\Microsoft\Web Platform Installer\;C:\Program Files\Java\jdk-11.0.14\bin;C:\Users\SELLA\AppData\Local\Microsoft\WindowsApps;C:\xampp\php;C:\Users\SELLA\AppData\Local\ComposerSetup\bin;C:\Users\SELLA\AppData\Roaming\Composer\vendor\bin;C:\Users\SELLA\AppData\Roaming\npm;C:\Users\SELLA\AppData\Local\Programs\Microsoft VS Code\bin;C:\xampp\mysql\bin;C:\Program Files\Java\jdk-11.0.14\bin;C:\Users\SELLA\AppData\Local\Android\Sdk\emulator;C:\Users\SELLA\AppData\Local\Android\Sdk\platform-tools;
USERNAME=SELLA
OS=Windows_NT
PROCESSOR_IDENTIFIER=Intel64 Family 6 Model 70 Stepping 1, GenuineIntel



---------------  S Y S T E M  ---------------

OS: Windows 10 , 64 bit Build 19041 (10.0.19041.1566)

CPU:total 8 (initial active 8) (4 cores per cpu, 2 threads per core) family 6 model 70 stepping 1 microcode 0x1c, cmov, cx8, fxsr, mmx, sse, sse2, sse3, ssse3, sse4.1, sse4.2, popcnt, avx, avx2, aes, clmul, erms, lzcnt, ht, tsc, tscinvbit, bmi1, bmi2, fma

Memory: 4k page, system-wide physical 16292M (1049M free)
TotalPageFile size 31287M (AvailPageFile size 150M)
current process WorkingSet (physical memory assigned to process): 10M, peak: 10M
current process commit charge ("private bytes"): 60M, peak: 316M

vm_info: Java HotSpot(TM) 64-Bit Server VM (11.0.14+8-LTS-263) for windows-amd64 JRE (11.0.14+8-LTS-263), built on Dec  7 2021 21:53:57 by "mach5one" with MS VC++ 15.9 (VS2017)

END.
